<?xml version="1.0" encoding="UTF-8"?>
<!-- Generated by org.testng.reporters.JUnitReportReporter -->
<testsuite hostname="DESKTOP-RI6UESP" failures="0" tests="1" name="TestCases.VerifyRegisterPage" time="23.621" errors="0" timestamp="2023-03-03T20:48:04 IST" skipped="0">
  <testcase classname="TestCases.VerifyRegisterPage" name="Register" time="23.621"/>
  <system-out/>
</testsuite> <!-- TestCases.VerifyRegisterPage -->
