<?xml version="1.0" encoding="UTF-8"?>
<!-- Generated by org.testng.reporters.JUnitReportReporter -->
<testsuite hostname="DESKTOP-RI6UESP" failures="0" tests="1" name="TestCases.VerifyLogin" time="7.257" errors="0" timestamp="2023-03-03T17:03:41 IST" skipped="0">
  <testcase classname="TestCases.VerifyLogin" name="login" time="7.257"/>
  <system-out/>
</testsuite> <!-- TestCases.VerifyLogin -->
